<?xml version="1.0" encoding="UTF-8"?>
<testsuite name="hello.hello_spring.service.MemberServiceTest" tests="2" skipped="0" failures="0" errors="0" timestamp="2025-09-20T10:46:17.645Z" hostname="gimtaegiui-MacBookAir.local" time="0.011">
  <properties/>
  <testcase name="중복_회원_예외()" classname="hello.hello_spring.service.MemberServiceTest" time="0.01"/>
  <testcase name="회원가입()" classname="hello.hello_spring.service.MemberServiceTest" time="0.001"/>
  <system-out><![CDATA[]]></system-out>
  <system-err><![CDATA[]]></system-err>
</testsuite>
