<?xml version="1.0" encoding="UTF-8"?>
<testsuite name="hello.hello_spring.service.MemberServiceTest" tests="4" skipped="0" failures="0" errors="0" timestamp="2025-09-24T14:00:42.397Z" hostname="DESKTOP-THHIF6C" time="0.004">
  <properties/>
  <testcase name="findOne()" classname="hello.hello_spring.service.MemberServiceTest" time="0.001"/>
  <testcase name="중복_회원_예외()" classname="hello.hello_spring.service.MemberServiceTest" time="0.002"/>
  <testcase name="회원가입()" classname="hello.hello_spring.service.MemberServiceTest" time="0.0"/>
  <testcase name="findMembers()" classname="hello.hello_spring.service.MemberServiceTest" time="0.0"/>
  <system-out><![CDATA[]]></system-out>
  <system-err><![CDATA[]]></system-err>
</testsuite>
