<?xml version="1.0" encoding="UTF-8"?>
<testsuite name="hello.hello_spring.HelloSpringApplicationTests" tests="1" skipped="0" failures="0" errors="0" timestamp="2025-09-24T14:00:41.270Z" hostname="DESKTOP-THHIF6C" time="0.506">
  <properties/>
  <testcase name="contextLoads()" classname="hello.hello_spring.HelloSpringApplicationTests" time="0.506"/>
  <system-out><![CDATA[23:00:35.001 [Test worker] INFO org.springframework.test.context.support.AnnotationConfigContextLoaderUtils -- Could not detect default configuration classes for test class [hello.hello_spring.HelloSpringApplicationTests]: HelloSpringApplicationTests does not declare any static, non-private, non-final, nested classes annotated with @Configuration.
23:00:35.205 [Test worker] INFO org.springframework.boot.test.context.SpringBootTestContextBootstrapper -- Found @SpringBootConfiguration hello.hello_spring.HelloSpringApplication for test class hello.hello_spring.HelloSpringApplicationTests

  .   ____          _            __ _ _
 /\\ / ___'_ __ _ _(_)_ __  __ _ \ \ \ \
( ( )\___ | '_ | '_| | '_ \/ _` | \ \ \ \
 \\/  ___)| |_)| | | | | || (_| |  ) ) ) )
  '  |____| .__|_| |_|_| |_\__, | / / / /
 =========|_|==============|___/=/_/_/_/

 :: Spring Boot ::                (v3.5.6)

2025-09-24T23:00:35.940+09:00  INFO 21964 --- [    Test worker] h.h.HelloSpringApplicationTests          : Starting HelloSpringApplicationTests using Java 17.0.12 with PID 21964 (started by eunchae in D:\umc_9th_spring_study\euuunchae\euuunchae\스프링 입문)
2025-09-24T23:00:35.943+09:00  INFO 21964 --- [    Test worker] h.h.HelloSpringApplicationTests          : No active profile set, falling back to 1 default profile: "default"
2025-09-24T23:00:37.137+09:00  INFO 21964 --- [    Test worker] .s.d.r.c.RepositoryConfigurationDelegate : Bootstrapping Spring Data JPA repositories in DEFAULT mode.
2025-09-24T23:00:37.246+09:00  INFO 21964 --- [    Test worker] .s.d.r.c.RepositoryConfigurationDelegate : Finished Spring Data repository scanning in 93 ms. Found 1 JPA repository interface.
2025-09-24T23:00:38.058+09:00  INFO 21964 --- [    Test worker] o.hibernate.jpa.internal.util.LogHelper  : HHH000204: Processing PersistenceUnitInfo [name: default]
2025-09-24T23:00:38.134+09:00  INFO 21964 --- [    Test worker] org.hibernate.Version                    : HHH000412: Hibernate ORM core version 6.6.29.Final
2025-09-24T23:00:38.184+09:00  INFO 21964 --- [    Test worker] o.h.c.internal.RegionFactoryInitiator    : HHH000026: Second-level cache disabled
2025-09-24T23:00:38.729+09:00  INFO 21964 --- [    Test worker] o.s.o.j.p.SpringPersistenceUnitInfo      : No LoadTimeWeaver setup: ignoring JPA class transformer
2025-09-24T23:00:38.773+09:00  INFO 21964 --- [    Test worker] com.zaxxer.hikari.HikariDataSource       : HikariPool-1 - Starting...
2025-09-24T23:00:38.891+09:00  INFO 21964 --- [    Test worker] com.zaxxer.hikari.pool.HikariPool        : HikariPool-1 - Added connection conn0: url=jdbc:h2:tcp://localhost/~/test user=SA
2025-09-24T23:00:38.895+09:00  INFO 21964 --- [    Test worker] com.zaxxer.hikari.HikariDataSource       : HikariPool-1 - Start completed.
2025-09-24T23:00:38.983+09:00  INFO 21964 --- [    Test worker] org.hibernate.orm.connections.pooling    : HHH10001005: Database info:
	Database JDBC URL [Connecting through datasource 'HikariDataSource (HikariPool-1)']
	Database driver: undefined/unknown
	Database version: 2.4.240
	Autocommit mode: undefined/unknown
	Isolation level: undefined/unknown
	Minimum pool size: undefined/unknown
	Maximum pool size: undefined/unknown
2025-09-24T23:00:40.116+09:00  INFO 21964 --- [    Test worker] o.h.e.t.j.p.i.JtaPlatformInitiator       : HHH000489: No JTA platform available (set 'hibernate.transaction.jta.platform' to enable JTA platform integration)
2025-09-24T23:00:40.121+09:00  INFO 21964 --- [    Test worker] j.LocalContainerEntityManagerFactoryBean : Initialized JPA EntityManagerFactory for persistence unit 'default'
2025-09-24T23:00:40.391+09:00  WARN 21964 --- [    Test worker] JpaBaseConfiguration$JpaWebConfiguration : spring.jpa.open-in-view is enabled by default. Therefore, database queries may be performed during view rendering. Explicitly configure spring.jpa.open-in-view to disable this warning
2025-09-24T23:00:40.421+09:00  INFO 21964 --- [    Test worker] o.s.b.a.w.s.WelcomePageHandlerMapping    : Adding welcome page: class path resource [static/index.html]
2025-09-24T23:00:41.255+09:00  INFO 21964 --- [    Test worker] h.h.HelloSpringApplicationTests          : Started HelloSpringApplicationTests in 5.798 seconds (process running for 8.051)
]]></system-out>
  <system-err><![CDATA[]]></system-err>
</testsuite>
